[2025-03-21T10:09:37]: [HV 1] bd [0] ch [0] par [IMonH] val [2.035]; 
[2025-03-21T10:09:39]: [HV 1] bd [0] ch [0] par [IMonH] val [2.04]; 
[2025-03-21T10:09:41]: [HV 1] bd [0] ch [0] par [IMonH] val [2.045]; 
[2025-03-21T10:09:43]: [HV 1] bd [0] ch [0] par [IMonH] val [2.035]; 
[2025-03-21T10:09:44]: [HV 1] bd [0] ch [0] par [IMonH] val [2.025]; 
[2025-03-21T10:09:46]: [HV 1] bd [0] ch [0] par [IMonH] val [2.035]; 
[2025-03-21T10:09:48]: [HV 1] bd [0] ch [0] par [IMonH] val [2.045]; 
[2025-03-21T10:09:52]: [HV 1] bd [0] ch [0] par [IMonH] val [1.29]; 
[2025-03-21T10:09:54]: [HV 1] bd [0] ch [0] par [IMonH] val [0]; 
[2025-03-21T11:05:37]: [HV 1] bd [0] ch [0] par [Pw] val [true]; 
[2025-03-21T11:05:39]: [HV 1] bd [0] ch [0] par [VMon] val [3544.3]; 
[2025-03-21T11:05:39]: [HV 1] bd [0] ch [0] par [ChStatus] val [5]; 
[2025-03-21T11:05:39]: [HV 1] bd [0] ch [0] par [Pw] val [false]; 
[2025-03-21T11:05:39]: [HV 1] bd [0] ch [0] par [VMon] val [3166.7]; 
[2025-03-21T11:05:43]: [HV 1] bd [0] ch [0] par [VMon] val [2783.9]; 
[2025-03-21T11:05:45]: [HV 1] bd [0] ch [0] par [VMon] val [2477.1]; 
[2025-03-21T11:05:46]: [HV 1] bd [0] ch [0] par [VMon] val [2093.6]; 
[2025-03-21T11:05:48]: [HV 1] bd [0] ch [0] par [VMon] val [1709.6]; 
[2025-03-21T11:05:50]: [HV 1] bd [0] ch [0] par [VMon] val [1325.3]; 
[2025-03-21T11:05:52]: [HV 1] bd [0] ch [0] par [VMon] val [1048.8]; 
[2025-03-21T11:05:54]: [HV 1] bd [0] ch [0] par [VMon] val [805.7]; 
[2025-03-21T11:05:55]: [HV 1] bd [0] ch [0] par [VMon] val [630.8]; 
[2025-03-21T11:05:55]: [HV 1] bd [0] ch [0] par [Pw] val [true]; 
[2025-03-21T11:05:57]: [HV 1] bd [0] ch [0] par [VMon] val [523.9]; 
[2025-03-21T11:05:57]: [HV 1] bd [0] ch [0] par [ChStatus] val [1]; 
[2025-03-21T11:05:59]: [HV 1] bd [0] ch [0] par [VMon] val [419.3]; 
[2025-03-21T11:05:59]: [HV 1] bd [0] ch [0] par [ChStatus] val [0]; 
[2025-03-21T11:05:59]: [HV 1] bd [0] ch [0] par [Pw] val [false]; 
[2025-03-21T11:06:01]: [HV 1] bd [0] ch [0] par [VMon] val [338.3]; 
[2025-03-21T11:06:03]: [HV 1] bd [0] ch [0] par [VMon] val [275.5]; 
[2025-03-21T11:06:05]: [HV 1] bd [0] ch [0] par [VMon] val [234.6]; 
[2025-03-21T11:06:06]: [HV 1] bd [0] ch [0] par [VMon] val [192.9]; 
[2025-03-21T11:06:08]: [HV 1] bd [0] ch [0] par [VMon] val [159.3]; 
[2025-03-21T11:06:10]: [HV 1] bd [0] ch [0] par [VMon] val [137.1]; 
[2025-03-21T11:06:12]: [HV 1] bd [0] ch [0] par [VMon] val [114]; 
[2025-03-21T11:06:14]: [HV 1] bd [0] ch [0] par [VMon] val [95]; 
[2025-03-21T11:06:15]: [HV 1] bd [0] ch [0] par [VMon] val [79.6]; 
[2025-03-21T11:06:17]: [HV 1] bd [0] ch [0] par [VMon] val [69.2]; 
[2025-03-21T11:06:19]: [HV 1] bd [0] ch [0] par [VMon] val [58.5]; 
[2025-03-21T11:06:21]: [HV 1] bd [0] ch [0] par [VMon] val [49.4]; 
[2025-03-21T11:06:23]: [HV 1] bd [0] ch [0] par [VMon] val [43.5]; 
[2025-03-21T11:06:25]: [HV 1] bd [0] ch [0] par [VMon] val [37.1]; 
[2025-03-21T11:06:26]: [HV 1] bd [0] ch [0] par [VMon] val [31.8]; 
[2025-03-21T11:06:28]: [HV 1] bd [0] ch [0] par [VMon] val [27.4]; 
[2025-03-21T11:06:30]: [HV 1] bd [0] ch [0] par [VMon] val [24.4]; 
[2025-03-21T11:06:32]: [HV 1] bd [0] ch [0] par [VMon] val [21.2]; 
[2025-03-21T11:06:34]: [HV 1] bd [0] ch [0] par [VMon] val [18.6]; 
[2025-03-21T11:06:35]: [HV 1] bd [0] ch [0] par [VMon] val [16.4]; 
[2025-03-21T11:06:37]: [HV 1] bd [0] ch [0] par [VMon] val [14.8]; 
[2025-03-21T11:06:37]: [HV 1] bd [0] ch [0] par [VMon] val [13.2]; 
[2025-03-21T11:06:41]: [HV 1] bd [0] ch [0] par [VMon] val [11.9]; 
[2025-03-21T11:06:43]: [HV 1] bd [0] ch [0] par [VMon] val [10.7]; 
[2025-03-21T11:06:44]: [HV 1] bd [0] ch [0] par [VMon] val [9.8]; 
[2025-03-21T11:06:46]: [HV 1] bd [0] ch [0] par [VMon] val [8.9]; 
[2025-03-21T11:06:48]: [HV 1] bd [0] ch [0] par [VMon] val [8.1]; 
[2025-03-21T11:06:50]: [HV 1] bd [0] ch [0] par [VMon] val [7.6]; 
[2025-03-21T11:06:52]: [HV 1] bd [0] ch [0] par [VMon] val [7]; 
[2025-03-21T11:06:54]: [HV 1] bd [0] ch [0] par [VMon] val [6.5]; 
[2025-03-21T11:06:55]: [HV 1] bd [0] ch [0] par [VMon] val [6]; 
[2025-03-21T11:06:57]: [HV 1] bd [0] ch [0] par [VMon] val [5.6]; 
[2025-03-21T11:06:59]: [HV 1] bd [0] ch [0] par [VMon] val [5.3]; 
[2025-03-21T11:07:01]: [HV 1] bd [0] ch [0] par [VMon] val [4.9]; 
[2025-03-21T11:07:03]: [HV 1] bd [0] ch [0] par [VMon] val [4.6]; 
[2025-03-21T11:07:04]: [HV 1] bd [0] ch [0] par [VMon] val [4.4]; 
[2025-03-21T11:07:06]: [HV 1] bd [0] ch [0] par [VMon] val [4.2]; 
[2025-03-21T11:07:08]: [HV 1] bd [0] ch [0] par [VMon] val [3.8]; 
[2025-03-21T11:07:10]: [HV 1] bd [0] ch [0] par [VMon] val [3.7]; 
[2025-03-21T11:07:12]: [HV 1] bd [0] ch [0] par [VMon] val [3.5]; 
[2025-03-21T11:07:14]: [HV 1] bd [0] ch [0] par [VMon] val [3.3]; 
[2025-03-21T11:07:15]: [HV 1] bd [0] ch [0] par [VMon] val [3.2]; 
[2025-03-21T11:07:17]: [HV 1] bd [0] ch [0] par [VMon] val [3.1]; 
[2025-03-21T11:07:19]: [HV 1] bd [0] ch [0] par [VMon] val [2.8]; 
[2025-03-21T11:07:21]: [HV 1] bd [0] ch [0] par [VMon] val [2.7]; 
[2025-03-21T11:07:23]: [HV 1] bd [0] ch [0] par [VMon] val [2.6]; 
[2025-03-21T11:07:24]: [HV 1] bd [0] ch [0] par [VMon] val [2.5]; 
[2025-03-21T11:07:26]: [HV 1] bd [0] ch [0] par [VMon] val [2.4]; 
[2025-03-21T11:07:28]: [HV 1] bd [0] ch [0] par [VMon] val [2.3]; 
[2025-03-21T11:07:30]: [HV 1] bd [0] ch [0] par [VMon] val [2.2]; 
[2025-03-21T11:07:32]: [HV 1] bd [0] ch [0] par [VMon] val [2.1]; 
[2025-03-21T11:07:35]: [HV 1] bd [0] ch [0] par [VMon] val [2]; 
[2025-03-21T11:07:37]: [HV 1] bd [0] ch [0] par [VMon] val [1.8]; 
[2025-03-21T11:07:41]: [HV 1] bd [0] ch [0] par [VMon] val [1.7]; 
[2025-03-21T11:07:43]: [HV 1] bd [0] ch [0] par [VMon] val [1.6]; 
[2025-03-21T11:07:46]: [HV 1] bd [0] ch [0] par [VMon] val [1.5]; 
[2025-03-21T11:07:50]: [HV 1] bd [0] ch [0] par [VMon] val [1.4]; 
[2025-03-21T11:07:53]: [HV 1] bd [0] ch [0] par [VMon] val [1.3]; 
[2025-03-21T11:07:57]: [HV 1] bd [0] ch [0] par [VMon] val [1.2]; 
[2025-03-21T11:08:01]: [HV 1] bd [0] ch [0] par [VMon] val [1.1]; 
[2025-03-21T11:08:06]: [HV 1] bd [0] ch [0] par [VMon] val [1]; 
[2025-03-21T11:08:12]: [HV 1] bd [0] ch [0] par [VMon] val [0.9]; 
[2025-03-21T11:08:17]: [HV 1] bd [0] ch [0] par [VMon] val [0.7]; 
[2025-03-21T11:08:23]: [HV 1] bd [0] ch [0] par [VMon] val [0.6]; 
[2025-03-21T11:08:30]: [HV 1] bd [0] ch [0] par [VMon] val [0.5]; 
[2025-03-21T11:08:37]: [HV 1] bd [0] ch [0] par [VMon] val [0.4]; 
[2025-03-21T11:08:44]: [HV 1] bd [0] ch [0] par [VMon] val [0.3]; 
[2025-03-21T11:08:55]: [HV 1] bd [0] ch [0] par [VMon] val [0.2]; 
[2025-03-21T11:09:04]: [HV 1] bd [0] ch [0] par [VMon] val [0.1]; 
[2025-03-21T11:09:17]: [HV 1] bd [0] ch [0] par [VMon] val [0]; 
[2025-03-21T11:14:24]: [HV 1] bd [0] ch [0] par [ChStatus] val [3]; 
[2025-03-21T11:14:26]: [HV 1] bd [0] ch [0] par [VMon] val [78.5]; 
[2025-03-21T11:14:26]: [HV 1] bd [0] ch [0] par [IMonH] val [0.54]; 
[2025-03-21T11:14:28]: [HV 1] bd [0] ch [0] par [VMon] val [155.2]; 
[2025-03-21T11:14:28]: [HV 1] bd [0] ch [0] par [IMonH] val [0.41]; 
[2025-03-21T11:14:29]: [HV 1] bd [0] ch [0] par [VMon] val [251.4]; 
[2025-03-21T11:14:29]: [HV 1] bd [0] ch [0] par [IMonH] val [0.43]; 
[2025-03-21T11:14:31]: [HV 1] bd [0] ch [0] par [VMon] val [347.6]; 
[2025-03-21T11:14:31]: [HV 1] bd [0] ch [0] par [IMonH] val [0.45]; 
[2025-03-21T11:14:33]: [HV 1] bd [0] ch [0] par [VMon] val [443.7]; 
[2025-03-21T11:14:33]: [HV 1] bd [0] ch [0] par [IMonH] val [0.465]; 
[2025-03-21T11:14:35]: [HV 1] bd [0] ch [0] par [VMon] val [520.6]; 
[2025-03-21T11:14:35]: [HV 1] bd [0] ch [0] par [IMonH] val [0.48]; 
[2025-03-21T11:14:37]: [HV 1] bd [0] ch [0] par [VMon] val [616.6]; 
[2025-03-21T11:14:37]: [HV 1] bd [0] ch [0] par [IMonH] val [0.495]; 
[2025-03-21T11:14:39]: [HV 1] bd [0] ch [0] par [VMon] val [712.7]; 
[2025-03-21T11:14:39]: [HV 1] bd [0] ch [0] par [IMonH] val [0.505]; 
[2025-03-21T11:14:40]: [HV 1] bd [0] ch [0] par [VMon] val [789.5]; 
[2025-03-21T11:14:40]: [HV 1] bd [0] ch [0] par [IMonH] val [0.515]; 
[2025-03-21T11:14:42]: [HV 1] bd [0] ch [0] par [VMon] val [885.6]; 
[2025-03-21T11:14:42]: [HV 1] bd [0] ch [0] par [IMonH] val [0.52]; 
[2025-03-21T11:14:44]: [HV 1] bd [0] ch [0] par [VMon] val [981.7]; 
[2025-03-21T11:14:44]: [HV 1] bd [0] ch [0] par [IMonH] val [0.53]; 
[2025-03-21T11:14:46]: [HV 1] bd [0] ch [0] par [VMon] val [1077.7]; 
[2025-03-21T11:14:46]: [HV 1] bd [0] ch [0] par [IMonH] val [0.535]; 
[2025-03-21T11:14:48]: [HV 1] bd [0] ch [0] par [VMon] val [1154.5]; 
[2025-03-21T11:14:49]: [HV 1] bd [0] ch [0] par [VMon] val [1250.4]; 
[2025-03-21T11:14:51]: [HV 1] bd [0] ch [0] par [VMon] val [1346.3]; 
[2025-03-21T11:14:51]: [HV 1] bd [0] ch [0] par [IMonH] val [0.53]; 
[2025-03-21T11:14:53]: [HV 1] bd [0] ch [0] par [VMon] val [1423.1]; 
[2025-03-21T11:14:53]: [HV 1] bd [0] ch [0] par [IMonH] val [0.525]; 
[2025-03-21T11:14:55]: [HV 1] bd [0] ch [0] par [VMon] val [1519]; 
[2025-03-21T11:14:55]: [HV 1] bd [0] ch [0] par [IMonH] val [0.52]; 
[2025-03-21T11:14:57]: [HV 1] bd [0] ch [0] par [VMon] val [1614.9]; 
[2025-03-21T11:14:57]: [HV 1] bd [0] ch [0] par [IMonH] val [0.515]; 
[2025-03-21T11:14:58]: [HV 1] bd [0] ch [0] par [VMon] val [1710.8]; 
[2025-03-21T11:14:58]: [HV 1] bd [0] ch [0] par [IMonH] val [0.51]; 
[2025-03-21T11:15:00]: [HV 1] bd [0] ch [0] par [VMon] val [1787.6]; 
[2025-03-21T11:15:00]: [HV 1] bd [0] ch [0] par [IMonH] val [0.505]; 
[2025-03-21T11:15:02]: [HV 1] bd [0] ch [0] par [VMon] val [1883.5]; 
[2025-03-21T11:15:02]: [HV 1] bd [0] ch [0] par [IMonH] val [0.495]; 
[2025-03-21T11:15:04]: [HV 1] bd [0] ch [0] par [VMon] val [1979.3]; 
[2025-03-21T11:15:04]: [HV 1] bd [0] ch [0] par [IMonH] val [0.485]; 
[2025-03-21T11:15:06]: [HV 1] bd [0] ch [0] par [VMon] val [2075.1]; 
[2025-03-21T11:15:06]: [HV 1] bd [0] ch [0] par [IMonH] val [0.475]; 
[2025-03-21T11:15:08]: [HV 1] bd [0] ch [0] par [VMon] val [2151.6]; 
[2025-03-21T11:15:08]: [HV 1] bd [0] ch [0] par [IMonH] val [0.465]; 
[2025-03-21T11:15:09]: [HV 1] bd [0] ch [0] par [VMon] val [2247.4]; 
[2025-03-21T11:15:09]: [HV 1] bd [0] ch [0] par [IMonH] val [0.455]; 
[2025-03-21T11:15:11]: [HV 1] bd [0] ch [0] par [VMon] val [2343.1]; 
[2025-03-21T11:15:11]: [HV 1] bd [0] ch [0] par [IMonH] val [0.44]; 
[2025-03-21T11:15:13]: [HV 1] bd [0] ch [0] par [VMon] val [2419.7]; 
[2025-03-21T11:15:13]: [HV 1] bd [0] ch [0] par [IMonH] val [0.435]; 
[2025-03-21T11:15:15]: [HV 1] bd [0] ch [0] par [VMon] val [2515.3]; 
[2025-03-21T11:15:15]: [HV 1] bd [0] ch [0] par [IMonH] val [0.425]; 
[2025-03-21T11:15:17]: [HV 1] bd [0] ch [0] par [VMon] val [2611]; 
[2025-03-21T11:15:17]: [HV 1] bd [0] ch [0] par [IMonH] val [0.41]; 
[2025-03-21T11:15:18]: [HV 1] bd [0] ch [0] par [VMon] val [2706.8]; 
[2025-03-21T11:15:18]: [HV 1] bd [0] ch [0] par [IMonH] val [0.4]; 
[2025-03-21T11:15:20]: [HV 1] bd [0] ch [0] par [VMon] val [2783.4]; 
[2025-03-21T11:15:20]: [HV 1] bd [0] ch [0] par [IMonH] val [0.39]; 
[2025-03-21T11:15:22]: [HV 1] bd [0] ch [0] par [VMon] val [2879]; 
[2025-03-21T11:15:22]: [HV 1] bd [0] ch [0] par [IMonH] val [0.38]; 
[2025-03-21T11:15:24]: [HV 1] bd [0] ch [0] par [VMon] val [2974.5]; 
[2025-03-21T11:15:24]: [HV 1] bd [0] ch [0] par [IMonH] val [0.37]; 
[2025-03-21T11:15:26]: [HV 1] bd [0] ch [0] par [VMon] val [3070.1]; 
[2025-03-21T11:15:26]: [HV 1] bd [0] ch [0] par [IMonH] val [0.365]; 
[2025-03-21T11:15:28]: [HV 1] bd [0] ch [0] par [VMon] val [3146.6]; 
[2025-03-21T11:15:28]: [HV 1] bd [0] ch [0] par [IMonH] val [0.355]; 
[2025-03-21T11:15:29]: [HV 1] bd [0] ch [0] par [VMon] val [3242]; 
[2025-03-21T11:15:29]: [HV 1] bd [0] ch [0] par [IMonH] val [0.345]; 
[2025-03-21T11:15:31]: [HV 1] bd [0] ch [0] par [VMon] val [3337.5]; 
[2025-03-21T11:15:31]: [HV 1] bd [0] ch [0] par [IMonH] val [0.34]; 
[2025-03-21T11:15:33]: [HV 1] bd [0] ch [0] par [VMon] val [3413.9]; 
[2025-03-21T11:15:33]: [HV 1] bd [0] ch [0] par [IMonH] val [0.33]; 
[2025-03-21T11:15:35]: [HV 1] bd [0] ch [0] par [VMon] val [3509.3]; 
[2025-03-21T11:15:35]: [HV 1] bd [0] ch [0] par [IMonH] val [0.32]; 
[2025-03-21T11:15:37]: [HV 1] bd [0] ch [0] par [VMon] val [3597.1]; 
[2025-03-21T11:15:37]: [HV 1] bd [0] ch [0] par [IMonH] val [0.025]; 
[2025-03-21T11:15:37]: [HV 1] bd [0] ch [0] par [ChStatus] val [1]; 
[2025-03-21T11:15:38]: [HV 1] bd [0] ch [0] par [VMon] val [3599.6]; 
[2025-03-21T11:15:38]: [HV 1] bd [0] ch [0] par [IMonH] val [0.005]; 
[2025-03-21T11:15:40]: [HV 1] bd [0] ch [0] par [IMonH] val [0]; 
[2025-03-21T11:15:44]: [HV 1] bd [0] ch [0] par [VMon] val [3599.7]; 
[2025-03-21T11:16:06]: [HV 1] bd [0] ch [0] par [VMon] val [3599.8]; 
[2025-03-21T11:16:07]: [HV 1] bd [0] ch [0] par [VMon] val [3599.7]; 
[2025-03-21T11:16:11]: [HV 1] bd [0] ch [0] par [VMon] val [3599.8]; 
[2025-03-21T11:16:15]: [HV 1] bd [0] ch [0] par [VMon] val [3599.7]; 
[2025-03-21T11:16:17]: [HV 1] bd [0] ch [0] par [VMon] val [3599.8]; 
[2025-03-21T11:17:55]: [HV 1] bd [0] ch [0] par [VMon] val [3599.9]; 
[2025-03-21T11:17:56]: [HV 1] bd [0] ch [0] par [VMon] val [3599.8]; 
[2025-03-21T11:18:20]: [HV 1] bd [0] ch [0] par [VMon] val [3599.9]; 
[2025-03-21T11:18:22]: [HV 1] bd [0] ch [0] par [VMon] val [3599.8]; 
[2025-03-21T11:18:24]: [HV 1] bd [0] ch [0] par [VMon] val [3599.9]; 
[2025-03-21T11:18:27]: [HV 1] bd [0] ch [0] par [VMon] val [3599.8]; 
[2025-03-21T11:18:31]: [HV 1] bd [0] ch [0] par [VMon] val [3599.9]; 
[2025-03-21T11:18:38]: [HV 1] bd [0] ch [0] par [VMon] val [3599.8]; 
[2025-03-21T11:18:42]: [HV 1] bd [0] ch [0] par [VMon] val [3599.9]; 
[2025-03-21T11:18:45]: [HV 1] bd [0] ch [0] par [VMon] val [3599.8]; 
[2025-03-21T11:18:47]: [HV 1] bd [0] ch [0] par [VMon] val [3599.9]; 
[2025-03-21T11:32:54]: [HV 1] bd [0] ch [0] par [Pw] val [true]; 
[2025-03-21T11:32:55]: [HV 1] bd [0] ch [0] par [VMon] val [3513.5]; 
[2025-03-21T11:32:55]: [HV 1] bd [0] ch [0] par [ChStatus] val [5]; 
[2025-03-21T11:32:55]: [HV 1] bd [0] ch [0] par [Pw] val [false]; 
[2025-03-21T11:32:57]: [HV 1] bd [0] ch [0] par [VMon] val [3209.7]; 
[2025-03-21T11:32:59]: [HV 1] bd [0] ch [0] par [VMon] val [2826.9]; 
[2025-03-21T11:33:01]: [HV 1] bd [0] ch [0] par [VMon] val [2443.5]; 
[2025-03-21T11:33:03]: [HV 1] bd [0] ch [0] par [VMon] val [2059.9]; 
[2025-03-21T11:33:04]: [HV 1] bd [0] ch [0] par [VMon] val [1752.8]; 
[2025-03-21T11:33:06]: [HV 1] bd [0] ch [0] par [VMon] val [1368.4]; 
[2025-03-21T11:33:08]: [HV 1] bd [0] ch [0] par [VMon] val [1024.7]; 
[2025-03-21T11:33:10]: [HV 1] bd [0] ch [0] par [VMon] val [830.3]; 
[2025-03-21T11:33:12]: [HV 1] bd [0] ch [0] par [VMon] val [649.3]; 
[2025-03-21T11:33:12]: [HV 1] bd [0] ch [0] par [Pw] val [true]; 
[2025-03-21T11:33:14]: [HV 1] bd [0] ch [0] par [VMon] val [514.9]; 
[2025-03-21T11:33:14]: [HV 1] bd [0] ch [0] par [ChStatus] val [1]; 
[2025-03-21T11:33:15]: [HV 1] bd [0] ch [0] par [VMon] val [412.4]; 
[2025-03-21T11:33:15]: [HV 1] bd [0] ch [0] par [Pw] val [false]; 
[2025-03-21T11:33:17]: [HV 1] bd [0] ch [0] par [VMon] val [347.1]; 
[2025-03-21T11:33:17]: [HV 1] bd [0] ch [0] par [ChStatus] val [0]; 
[2025-03-21T11:33:19]: [HV 1] bd [0] ch [0] par [VMon] val [282.1]; 
[2025-03-21T11:33:21]: [HV 1] bd [0] ch [0] par [VMon] val [230.7]; 
[2025-03-21T11:33:23]: [HV 1] bd [0] ch [0] par [VMon] val [189.4]; 
[2025-03-21T11:33:24]: [HV 1] bd [0] ch [0] par [VMon] val [162.2]; 
[2025-03-21T11:33:26]: [HV 1] bd [0] ch [0] par [VMon] val [134]; 
[2025-03-21T11:33:28]: [HV 1] bd [0] ch [0] par [VMon] val [111.1]; 
[2025-03-21T11:33:30]: [HV 1] bd [0] ch [0] par [VMon] val [95.8]; 
[2025-03-21T11:33:32]: [HV 1] bd [0] ch [0] par [VMon] val [79.8]; 
[2025-03-21T11:33:34]: [HV 1] bd [0] ch [0] par [VMon] val [66.8]; 
[2025-03-21T11:33:35]: [HV 1] bd [0] ch [0] par [VMon] val [56]; 
[2025-03-21T11:33:37]: [HV 1] bd [0] ch [0] par [VMon] val [48.9]; 
[2025-03-21T11:33:39]: [HV 1] bd [0] ch [0] par [VMon] val [41.3]; 
[2025-03-21T11:33:41]: [HV 1] bd [0] ch [0] par [VMon] val [35]; 
[2025-03-21T11:33:43]: [HV 1] bd [0] ch [0] par [VMon] val [29.8]; 
[2025-03-21T11:33:44]: [HV 1] bd [0] ch [0] par [VMon] val [26.4]; 
[2025-03-21T11:33:46]: [HV 1] bd [0] ch [0] par [VMon] val [22.7]; 
[2025-03-21T11:33:48]: [HV 1] bd [0] ch [0] par [VMon] val [19.7]; 
[2025-03-21T11:33:50]: [HV 1] bd [0] ch [0] par [VMon] val [17.6]; 
[2025-03-21T11:33:52]: [HV 1] bd [0] ch [0] par [VMon] val [15.4]; 
[2025-03-21T11:33:54]: [HV 1] bd [0] ch [0] par [VMon] val [13.5]; 
[2025-03-21T11:33:55]: [HV 1] bd [0] ch [0] par [VMon] val [12]; 
[2025-03-21T11:33:57]: [HV 1] bd [0] ch [0] par [VMon] val [10.9]; 
[2025-03-21T11:33:59]: [HV 1] bd [0] ch [0] par [VMon] val [9.7]; 
[2025-03-21T11:34:01]: [HV 1] bd [0] ch [0] par [VMon] val [8.7]; 
[2025-03-21T11:34:03]: [HV 1] bd [0] ch [0] par [VMon] val [7.9]; 
[2025-03-21T11:34:04]: [HV 1] bd [0] ch [0] par [VMon] val [7.4]; 
[2025-03-21T11:34:06]: [HV 1] bd [0] ch [0] par [VMon] val [6.7]; 
[2025-03-21T11:34:08]: [HV 1] bd [0] ch [0] par [VMon] val [6.1]; 
[2025-03-21T11:34:10]: [HV 1] bd [0] ch [0] par [VMon] val [5.7]; 
[2025-03-21T11:34:12]: [HV 1] bd [0] ch [0] par [VMon] val [5.3]; 
[2025-03-21T11:34:13]: [HV 1] bd [0] ch [0] par [VMon] val [4.9]; 
[2025-03-21T11:34:15]: [HV 1] bd [0] ch [0] par [VMon] val [4.5]; 
[2025-03-21T11:34:17]: [HV 1] bd [0] ch [0] par [VMon] val [4.3]; 
[2025-03-21T11:34:19]: [HV 1] bd [0] ch [0] par [VMon] val [3.9]; 
[2025-03-21T11:34:21]: [HV 1] bd [0] ch [0] par [VMon] val [3.7]; 
[2025-03-21T11:34:23]: [HV 1] bd [0] ch [0] par [VMon] val [3.5]; 
[2025-03-21T11:34:24]: [HV 1] bd [0] ch [0] par [VMon] val [3.3]; 
[2025-03-21T11:34:26]: [HV 1] bd [0] ch [0] par [VMon] val [3.2]; 
[2025-03-21T11:34:28]: [HV 1] bd [0] ch [0] par [VMon] val [2.9]; 
[2025-03-21T11:34:30]: [HV 1] bd [0] ch [0] par [VMon] val [2.8]; 
[2025-03-21T11:34:32]: [HV 1] bd [0] ch [0] par [VMon] val [2.6]; 
[2025-03-21T11:34:33]: [HV 1] bd [0] ch [0] par [VMon] val [2.5]; 
[2025-03-21T11:34:35]: [HV 1] bd [0] ch [0] par [VMon] val [2.4]; 
[2025-03-21T11:34:37]: [HV 1] bd [0] ch [0] par [VMon] val [2.3]; 
[2025-03-21T11:34:39]: [HV 1] bd [0] ch [0] par [VMon] val [2.2]; 
[2025-03-21T11:34:41]: [HV 1] bd [0] ch [0] par [VMon] val [2.1]; 
[2025-03-21T11:34:43]: [HV 1] bd [0] ch [0] par [VMon] val [2]; 
[2025-03-21T11:34:44]: [HV 1] bd [0] ch [0] par [VMon] val [1.8]; 
[2025-03-21T11:34:46]: [HV 1] bd [0] ch [0] par [VMon] val [1.7]; 
[2025-03-21T11:34:50]: [HV 1] bd [0] ch [0] par [VMon] val [1.6]; 
[2025-03-21T11:34:52]: [HV 1] bd [0] ch [0] par [VMon] val [1.5]; 
[2025-03-21T11:34:55]: [HV 1] bd [0] ch [0] par [VMon] val [1.4]; 
[2025-03-21T11:34:59]: [HV 1] bd [0] ch [0] par [VMon] val [1.3]; 
[2025-03-21T11:35:01]: [HV 1] bd [0] ch [0] par [VMon] val [1.2]; 
[2025-03-21T11:35:06]: [HV 1] bd [0] ch [0] par [VMon] val [1.1]; 
[2025-03-21T11:35:10]: [HV 1] bd [0] ch [0] par [VMon] val [1]; 